[2026-01-05T01:44:06.071+0000] {taskinstance.py:1157} INFO - Dependencies all met for dep_context=non-requeueable deps ti=<TaskInstance: lucca_daily_update.fetch_and_insert_users scheduled__2026-01-05T00:00:00+00:00 [queued]>
[2026-01-05T01:44:06.073+0000] {taskinstance.py:1157} INFO - Dependencies all met for dep_context=requeueable deps ti=<TaskInstance: lucca_daily_update.fetch_and_insert_users scheduled__2026-01-05T00:00:00+00:00 [queued]>
[2026-01-05T01:44:06.073+0000] {taskinstance.py:1359} INFO - Starting attempt 1 of 2
[2026-01-05T01:44:06.077+0000] {taskinstance.py:1380} INFO - Executing <Task(PythonOperator): fetch_and_insert_users> on 2026-01-05 00:00:00+00:00
[2026-01-05T01:44:06.079+0000] {standard_task_runner.py:57} INFO - Started process 2083 to run task
[2026-01-05T01:44:06.081+0000] {standard_task_runner.py:84} INFO - Running: ['airflow', 'tasks', 'run', 'lucca_daily_update', 'fetch_and_insert_users', 'scheduled__2026-01-05T00:00:00+00:00', '--job-id', '50', '--raw', '--subdir', 'DAGS_FOLDER/lucca_daily_update.py', '--cfg-path', '/tmp/tmp_19y_yqf']
[2026-01-05T01:44:06.081+0000] {standard_task_runner.py:85} INFO - Job 50: Subtask fetch_and_insert_users
[2026-01-05T01:44:06.097+0000] {task_command.py:415} INFO - Running <TaskInstance: lucca_daily_update.fetch_and_insert_users scheduled__2026-01-05T00:00:00+00:00 [running]> on host 82018c7f7af1
[2026-01-05T01:44:06.123+0000] {taskinstance.py:1660} INFO - Exporting env vars: AIRFLOW_CTX_DAG_OWNER='marc' AIRFLOW_CTX_DAG_ID='lucca_daily_update' AIRFLOW_CTX_TASK_ID='fetch_and_insert_users' AIRFLOW_CTX_EXECUTION_DATE='2026-01-05T00:00:00+00:00' AIRFLOW_CTX_TRY_NUMBER='1' AIRFLOW_CTX_DAG_RUN_ID='scheduled__2026-01-05T00:00:00+00:00'
[2026-01-05T01:44:06.123+0000] {logging_mixin.py:151} INFO - Fetching lucca data from API...
[2026-01-05T02:52:23.364+0000] {logging_mixin.py:151} INFO - An error occurred: ('Connection aborted.', RemoteDisconnected('Remote end closed connection without response'))
[2026-01-05T02:52:23.364+0000] {taskinstance.py:1935} ERROR - Task failed with exception
Traceback (most recent call last):
  File "/home/airflow/.local/lib/python3.8/site-packages/urllib3/connectionpool.py", line 714, in urlopen
    httplib_response = self._make_request(
  File "/home/airflow/.local/lib/python3.8/site-packages/urllib3/connectionpool.py", line 466, in _make_request
    six.raise_from(e, None)
  File "<string>", line 3, in raise_from
  File "/home/airflow/.local/lib/python3.8/site-packages/urllib3/connectionpool.py", line 461, in _make_request
    httplib_response = conn.getresponse()
  File "/usr/local/lib/python3.8/http/client.py", line 1348, in getresponse
    response.begin()
  File "/usr/local/lib/python3.8/http/client.py", line 316, in begin
    version, status, reason = self._read_status()
  File "/usr/local/lib/python3.8/http/client.py", line 285, in _read_status
    raise RemoteDisconnected("Remote end closed connection without"
http.client.RemoteDisconnected: Remote end closed connection without response

During handling of the above exception, another exception occurred:

Traceback (most recent call last):
  File "/home/airflow/.local/lib/python3.8/site-packages/requests/adapters.py", line 486, in send
    resp = conn.urlopen(
  File "/home/airflow/.local/lib/python3.8/site-packages/urllib3/connectionpool.py", line 798, in urlopen
    retries = retries.increment(
  File "/home/airflow/.local/lib/python3.8/site-packages/urllib3/util/retry.py", line 550, in increment
    raise six.reraise(type(error), error, _stacktrace)
  File "/home/airflow/.local/lib/python3.8/site-packages/urllib3/packages/six.py", line 769, in reraise
    raise value.with_traceback(tb)
  File "/home/airflow/.local/lib/python3.8/site-packages/urllib3/connectionpool.py", line 714, in urlopen
    httplib_response = self._make_request(
  File "/home/airflow/.local/lib/python3.8/site-packages/urllib3/connectionpool.py", line 466, in _make_request
    six.raise_from(e, None)
  File "<string>", line 3, in raise_from
  File "/home/airflow/.local/lib/python3.8/site-packages/urllib3/connectionpool.py", line 461, in _make_request
    httplib_response = conn.getresponse()
  File "/usr/local/lib/python3.8/http/client.py", line 1348, in getresponse
    response.begin()
  File "/usr/local/lib/python3.8/http/client.py", line 316, in begin
    version, status, reason = self._read_status()
  File "/usr/local/lib/python3.8/http/client.py", line 285, in _read_status
    raise RemoteDisconnected("Remote end closed connection without"
urllib3.exceptions.ProtocolError: ('Connection aborted.', RemoteDisconnected('Remote end closed connection without response'))

During handling of the above exception, another exception occurred:

Traceback (most recent call last):
  File "/home/airflow/.local/lib/python3.8/site-packages/airflow/operators/python.py", line 192, in execute
    return_value = self.execute_callable()
  File "/home/airflow/.local/lib/python3.8/site-packages/airflow/operators/python.py", line 209, in execute_callable
    return self.python_callable(*self.op_args, **self.op_kwargs)
  File "/opt/airflow/dags/lucca_daily_update.py", line 15, in fetch_and_insert
    data = fetch_data()
  File "/opt/airflow/api_request/lucca_api.py", line 10, in fetch_data
    response = requests.get(api_url, headers=headers)
  File "/home/airflow/.local/lib/python3.8/site-packages/requests/api.py", line 73, in get
    return request("get", url, params=params, **kwargs)
  File "/home/airflow/.local/lib/python3.8/site-packages/requests/api.py", line 59, in request
    return session.request(method=method, url=url, **kwargs)
  File "/home/airflow/.local/lib/python3.8/site-packages/requests/sessions.py", line 589, in request
    resp = self.send(prep, **send_kwargs)
  File "/home/airflow/.local/lib/python3.8/site-packages/requests/sessions.py", line 703, in send
    r = adapter.send(request, **kwargs)
  File "/home/airflow/.local/lib/python3.8/site-packages/requests/adapters.py", line 501, in send
    raise ConnectionError(err, request=request)
requests.exceptions.ConnectionError: ('Connection aborted.', RemoteDisconnected('Remote end closed connection without response'))
[2026-01-05T02:52:23.373+0000] {taskinstance.py:1398} INFO - Marking task as UP_FOR_RETRY. dag_id=lucca_daily_update, task_id=fetch_and_insert_users, execution_date=20260105T000000, start_date=20260105T014406, end_date=20260105T025223
[2026-01-05T02:52:23.378+0000] {standard_task_runner.py:104} ERROR - Failed to execute job 50 for task fetch_and_insert_users (('Connection aborted.', RemoteDisconnected('Remote end closed connection without response')); 2083)
[2026-01-05T02:52:23.421+0000] {local_task_job_runner.py:228} INFO - Task exited with return code 1
[2026-01-05T02:52:23.430+0000] {taskinstance.py:2776} INFO - 0 downstream tasks scheduled from follow-on schedule check
